app/build/outputs/logs/manifest-merger-debug-report.txt
-- Merging decision tree log ---
manifest
ADDED from src\main\AndroidManifest.xml:2:1-219:12
INJECTED from src\main\AndroidManifest.xml:2:1-219:12
INJECTED from src\main\AndroidManifest.xml:2:1-219:12
INJECTED from src\main\AndroidManifest.xml:2:1-219:12
MERGED from [:QRCodeLibrary] AndroidManifest.xml:2:1-26:12
MERGED from [:ZBLibrary] AndroidManifest.xml:2:1-90:12
MERGED from [com.android.support:design:25.3.1] AndroidManifest.xml:17:1-31:12
MERGED from [com.android.support:appcompat-v7:25.3.1] AndroidManifest.xml:17:1-31:12
MERGED from [com.scwang.smartrefresh:SmartRefreshLayout:1.0.4-4] AndroidManifest.xml:2:1-17:12
MERGED from [com.android.support:transition:25.3.1] AndroidManifest.xml:17:1-28:12
MERGED from [com.android.support:support-v4:25.3.1] AndroidManifest.xml:17:1-31:12
MERGED from [com.android.support:animated-vector-drawable:25.3.1] AndroidManifest.xml:17:1-28:12
MERGED from [com.android.support:support-vector-drawable:25.3.1] AndroidManifest.xml:17:1-28:12
MERGED from [com.android.support:recyclerview-v7:25.3.1] AndroidManifest.xml:17:1-26:12
MERGED from [com.android.support:support-fragment:25.3.1] AndroidManifest.xml:17:1-31:12
MERGED from [com.android.support:support-core-ui:25.3.1] AndroidManifest.xml:17:1-31:12
MERGED from [com.android.support:support-media-compat:25.3.1] AndroidManifest.xml:17:1-31:12
MERGED from [com.android.support:support-core-utils:25.3.1] AndroidManifest.xml:17:1-31:12
MERGED from [com.android.support:support-compat:25.3.1] AndroidManifest.xml:17:1-31:12
INJECTED from src\main\AndroidManifest.xml:2:1-219:12
INJECTED from src\main\AndroidManifest.xml:2:1-219:12
INJECTED from src\main\AndroidManifest.xml:2:1-219:12
	package
		ADDED from src\main\AndroidManifest.xml:3:5-29
		INJECTED from src\main\AndroidManifest.xml
		INJECTED from src\main\AndroidManifest.xml
	android:versionName
		ADDED from src\main\AndroidManifest.xml:5:5-46
		INJECTED from src\main\AndroidManifest.xml
		INJECTED from src\main\AndroidManifest.xml
	xmlns:android
		ADDED from src\main\AndroidManifest.xml:2:11-69
	android:versionCode
		ADDED from src\main\AndroidManifest.xml:4:5-29
		INJECTED from src\main\AndroidManifest.xml
		INJECTED from src\main\AndroidManifest.xml
uses-sdk
ADDED from src\main\AndroidManifest.xml:7:5-9:41
INJECTED from src\main\AndroidManifest.xml:7:5-9:41
INJECTED from src\main\AndroidManifest.xml:7:5-9:41
MERGED from [:QRCodeLibrary] AndroidManifest.xml:7:5-9:41
MERGED from [:QRCodeLibrary] AndroidManifest.xml:7:5-9:41
MERGED from [:ZBLibrary] AndroidManifest.xml:7:5-9:41
MERGED from [:ZBLibrary] AndroidManifest.xml:7:5-9:41
MERGED from [com.android.support:design:25.3.1] AndroidManifest.xml:21:5-23:62
MERGED from [com.android.support:design:25.3.1] AndroidManifest.xml:21:5-23:62
MERGED from [com.android.support:appcompat-v7:25.3.1] AndroidManifest.xml:21:5-23:78
MERGED from [com.android.support:appcompat-v7:25.3.1] AndroidManifest.xml:21:5-23:78
MERGED from [com.scwang.smartrefresh:SmartRefreshLayout:1.0.4-4] AndroidManifest.xml:7:5-9:41
MERGED from [com.scwang.smartrefresh:SmartRefreshLayout:1.0.4-4] AndroidManifest.xml:7:5-9:41
MERGED from [com.android.support:transition:25.3.1] AndroidManifest.xml:20:5-44
MERGED from [com.android.support:transition:25.3.1] AndroidManifest.xml:20:5-44
MERGED from [com.android.support:support-v4:25.3.1] AndroidManifest.xml:21:5-23:54
MERGED from [com.android.support:support-v4:25.3.1] AndroidManifest.xml:21:5-23:54
MERGED from [com.android.support:animated-vector-drawable:25.3.1] AndroidManifest.xml:20:5-44
MERGED from [com.android.support:animated-vector-drawable:25.3.1] AndroidManifest.xml:20:5-44
MERGED from [com.android.support:support-vector-drawable:25.3.1] AndroidManifest.xml:20:5-43
MERGED from [com.android.support:support-vector-drawable:25.3.1] AndroidManifest.xml:20:5-43
MERGED from [com.android.support:recyclerview-v7:25.3.1] AndroidManifest.xml:20:5-43
MERGED from [com.android.support:recyclerview-v7:25.3.1] AndroidManifest.xml:20:5-43
MERGED from [com.android.support:support-fragment:25.3.1] AndroidManifest.xml:21:5-23:60
MERGED from [com.android.support:support-fragment:25.3.1] AndroidManifest.xml:21:5-23:60
MERGED from [com.android.support:support-core-ui:25.3.1] AndroidManifest.xml:21:5-23:58
MERGED from [com.android.support:support-core-ui:25.3.1] AndroidManifest.xml:21:5-23:58
MERGED from [com.android.support:support-media-compat:25.3.1] AndroidManifest.xml:21:5-23:63
MERGED from [com.android.support:support-media-compat:25.3.1] AndroidManifest.xml:21:5-23:63
MERGED from [com.android.support:support-core-utils:25.3.1] AndroidManifest.xml:21:5-23:61
MERGED from [com.android.support:support-core-utils:25.3.1] AndroidManifest.xml:21:5-23:61
MERGED from [com.android.support:support-compat:25.3.1] AndroidManifest.xml:21:5-23:58
MERGED from [com.android.support:support-compat:25.3.1] AndroidManifest.xml:21:5-23:58
INJECTED from src\main\AndroidManifest.xml:7:5-9:41
INJECTED from src\main\AndroidManifest.xml:7:5-9:41
	tools:overrideLibrary
		ADDED from [com.android.support:design:25.3.1] AndroidManifest.xml:23:9-59
	android:targetSdkVersion
		ADDED from src\main\AndroidManifest.xml:9:9-38
		INJECTED from src\main\AndroidManifest.xml
		INJECTED from src\main\AndroidManifest.xml
	android:minSdkVersion
		ADDED from src\main\AndroidManifest.xml:8:9-35
		INJECTED from src\main\AndroidManifest.xml
		INJECTED from src\main\AndroidManifest.xml
uses-permission#android.permission.ACCESS_NETWORK_STATE
ADDED from src\main\AndroidManifest.xml:13:5-79
MERGED from [:ZBLibrary] AndroidManifest.xml:20:5-79
MERGED from [:ZBLibrary] AndroidManifest.xml:20:5-79
	android:name
		ADDED from src\main\AndroidManifest.xml:13:22-76
uses-permission#android.permission.GET_ACCOUNTS
ADDED from src\main\AndroidManifest.xml:14:5-71
	android:name
		ADDED from src\main\AndroidManifest.xml:14:22-68
uses-permission#android.permission.USE_CREDENTIALS
ADDED from src\main\AndroidManifest.xml:15:5-74
	android:name
		ADDED from src\main\AndroidManifest.xml:15:22-71
uses-permission#android.permission.MANAGE_ACCOUNTS
ADDED from src\main\AndroidManifest.xml:16:5-74
	android:name
		ADDED from src\main\AndroidManifest.xml:16:22-71
uses-permission#android.permission.AUTHENTICATE_ACCOUNTS
ADDED from src\main\AndroidManifest.xml:17:5-80
	android:name
		ADDED from src\main\AndroidManifest.xml:17:22-77
uses-permission#com.android.launcher.permission.READ_SETTINGS
ADDED from src\main\AndroidManifest.xml:18:5-85
	android:name
		ADDED from src\main\AndroidManifest.xml:18:22-82
uses-permission#android.permission.ACCESS_WIFI_STATE
ADDED from src\main\AndroidManifest.xml:19:5-76
MERGED from [:ZBLibrary] AndroidManifest.xml:21:5-76
MERGED from [:ZBLibrary] AndroidManifest.xml:21:5-76
	android:name
		ADDED from src\main\AndroidManifest.xml:19:22-73
uses-permission#android.permission.READ_PHONE_STATE
ADDED from src\main\AndroidManifest.xml:20:5-75
	android:name
		ADDED from src\main\AndroidManifest.xml:20:22-72
uses-permission#android.permission.BROADCAST_STICKY
ADDED from src\main\AndroidManifest.xml:21:5-75
	android:name
		ADDED from src\main\AndroidManifest.xml:21:22-72
uses-permission#android.permission.WRITE_SETTINGS
ADDED from src\main\AndroidManifest.xml:22:5-73
	android:name
		ADDED from src\main\AndroidManifest.xml:22:22-70
uses-permission#android.permission.READ_CONTACTS
ADDED from src\main\AndroidManifest.xml:23:5-72
	android:name
		ADDED from src\main\AndroidManifest.xml:23:22-69
uses-permission#android.permission.CALL_PHONE
ADDED from src\main\AndroidManifest.xml:24:5-69
MERGED from [:ZBLibrary] AndroidManifest.xml:24:5-69
MERGED from [:ZBLibrary] AndroidManifest.xml:24:5-69
	android:name
		ADDED from src\main\AndroidManifest.xml:24:22-66
uses-permission#android.permission.GET_TASKS
ADDED from src\main\AndroidManifest.xml:25:5-68
	android:name
		ADDED from src\main\AndroidManifest.xml:25:22-65
uses-permission#android.permission.ACCESS_FINE_LOCATION
ADDED from src\main\AndroidManifest.xml:26:5-79
MERGED from [:ZBLibrary] AndroidManifest.xml:22:5-79
MERGED from [:ZBLibrary] AndroidManifest.xml:22:5-79
	android:name
		ADDED from src\main\AndroidManifest.xml:26:22-76
uses-permission#android.permission.BLUETOOTH
ADDED from src\main\AndroidManifest.xml:27:5-68
	android:name
		ADDED from src\main\AndroidManifest.xml:27:22-65
uses-permission#android.permission.RECORD_AUDIO
ADDED from src\main\AndroidManifest.xml:28:5-71
	android:name
		ADDED from src\main\AndroidManifest.xml:28:22-68
uses-permission#android.permission.CHANGE_WIFI_STATE
ADDED from src\main\AndroidManifest.xml:29:5-76
	android:name
		ADDED from src\main\AndroidManifest.xml:29:22-73
uses-permission#android.permission.WAKE_LOCK
ADDED from src\main\AndroidManifest.xml:30:5-68
	android:name
		ADDED from src\main\AndroidManifest.xml:30:22-65
uses-permission#android.permission.MODIFY_AUDIO_SETTINGS
ADDED from src\main\AndroidManifest.xml:31:5-80
	android:name
		ADDED from src\main\AndroidManifest.xml:31:22-77
uses-permission#android.permission.READ_EXTERNAL_STORAGE
ADDED from src\main\AndroidManifest.xml:34:5-80
MERGED from [:ZBLibrary] AndroidManifest.xml:15:5-80
MERGED from [:ZBLibrary] AndroidManifest.xml:15:5-80
	android:name
		ADDED from src\main\AndroidManifest.xml:34:22-77
uses-permission#android.permission.WRITE_EXTERNAL_STORAGE
ADDED from src\main\AndroidManifest.xml:35:5-81
MERGED from [:ZBLibrary] AndroidManifest.xml:16:5-81
MERGED from [:ZBLibrary] AndroidManifest.xml:16:5-81
	android:name
		ADDED from src\main\AndroidManifest.xml:35:22-78
uses-permission#android.permission.MOUNT_UNMOUNT_FILESYSTEMS
ADDED from src\main\AndroidManifest.xml:36:5-84
MERGED from [:ZBLibrary] AndroidManifest.xml:17:5-84
MERGED from [:ZBLibrary] AndroidManifest.xml:17:5-84
	android:name
		ADDED from src\main\AndroidManifest.xml:36:22-81
uses-permission#android.permission.INTERNET
ADDED from src\main\AndroidManifest.xml:37:5-67
MERGED from [:ZBLibrary] AndroidManifest.xml:18:5-67
MERGED from [:ZBLibrary] AndroidManifest.xml:18:5-67
	android:name
		ADDED from src\main\AndroidManifest.xml:37:22-64
uses-permission#android.permission.SEND_SMS
ADDED from src\main\AndroidManifest.xml:43:5-67
MERGED from [:ZBLibrary] AndroidManifest.xml:25:5-67
MERGED from [:ZBLibrary] AndroidManifest.xml:25:5-67
	android:name
		ADDED from src\main\AndroidManifest.xml:43:22-64
uses-permission#android.permission.CAMERA
ADDED from src\main\AndroidManifest.xml:49:5-65
MERGED from [:QRCodeLibrary] AndroidManifest.xml:16:5-65
MERGED from [:QRCodeLibrary] AndroidManifest.xml:16:5-65
MERGED from [:ZBLibrary] AndroidManifest.xml:23:5-65
MERGED from [:ZBLibrary] AndroidManifest.xml:23:5-65
	android:name
		ADDED from src\main\AndroidManifest.xml:49:22-62
uses-permission#android.permission.VIBRATE
ADDED from src\main\AndroidManifest.xml:50:5-66
MERGED from [:QRCodeLibrary] AndroidManifest.xml:15:5-66
MERGED from [:QRCodeLibrary] AndroidManifest.xml:15:5-66
	android:name
		ADDED from src\main\AndroidManifest.xml:50:22-63
uses-permission#android.permission.FLASHLIGHT
ADDED from src\main\AndroidManifest.xml:51:5-69
MERGED from [:QRCodeLibrary] AndroidManifest.xml:17:5-69
MERGED from [:QRCodeLibrary] AndroidManifest.xml:17:5-69
	android:name
		ADDED from src\main\AndroidManifest.xml:51:22-66
uses-feature#android.hardware.camera
ADDED from src\main\AndroidManifest.xml:53:5-60
MERGED from [:QRCodeLibrary] AndroidManifest.xml:19:5-60
MERGED from [:QRCodeLibrary] AndroidManifest.xml:19:5-60
	android:name
		ADDED from src\main\AndroidManifest.xml:53:19-57
uses-feature#android.hardware.camera.autofocus
ADDED from src\main\AndroidManifest.xml:54:5-70
MERGED from [:QRCodeLibrary] AndroidManifest.xml:20:5-70
MERGED from [:QRCodeLibrary] AndroidManifest.xml:20:5-70
	android:name
		ADDED from src\main\AndroidManifest.xml:54:19-67
application
ADDED from src\main\AndroidManifest.xml:60:5-217:19
MERGED from [:ZBLibrary] AndroidManifest.xml:32:5-88:19
MERGED from [:ZBLibrary] AndroidManifest.xml:32:5-88:19
MERGED from [com.android.support:design:25.3.1] AndroidManifest.xml:29:5-20
MERGED from [com.android.support:design:25.3.1] AndroidManifest.xml:29:5-20
MERGED from [com.android.support:appcompat-v7:25.3.1] AndroidManifest.xml:29:5-20
MERGED from [com.android.support:appcompat-v7:25.3.1] AndroidManifest.xml:29:5-20
MERGED from [com.scwang.smartrefresh:SmartRefreshLayout:1.0.4-4] AndroidManifest.xml:11:5-15:19
MERGED from [com.scwang.smartrefresh:SmartRefreshLayout:1.0.4-4] AndroidManifest.xml:11:5-15:19
MERGED from [com.android.support:transition:25.3.1] AndroidManifest.xml:26:5-20
MERGED from [com.android.support:transition:25.3.1] AndroidManifest.xml:26:5-20
MERGED from [com.android.support:support-v4:25.3.1] AndroidManifest.xml:29:5-20
MERGED from [com.android.support:support-v4:25.3.1] AndroidManifest.xml:29:5-20
MERGED from [com.android.support:animated-vector-drawable:25.3.1] AndroidManifest.xml:26:5-20
MERGED from [com.android.support:animated-vector-drawable:25.3.1] AndroidManifest.xml:26:5-20
MERGED from [com.android.support:support-vector-drawable:25.3.1] AndroidManifest.xml:26:5-20
MERGED from [com.android.support:support-vector-drawable:25.3.1] AndroidManifest.xml:26:5-20
MERGED from [com.android.support:support-fragment:25.3.1] AndroidManifest.xml:29:5-20
MERGED from [com.android.support:support-fragment:25.3.1] AndroidManifest.xml:29:5-20
MERGED from [com.android.support:support-core-ui:25.3.1] AndroidManifest.xml:29:5-20
MERGED from [com.android.support:support-core-ui:25.3.1] AndroidManifest.xml:29:5-20
MERGED from [com.android.support:support-media-compat:25.3.1] AndroidManifest.xml:29:5-20
MERGED from [com.android.support:support-media-compat:25.3.1] AndroidManifest.xml:29:5-20
MERGED from [com.android.support:support-core-utils:25.3.1] AndroidManifest.xml:29:5-20
MERGED from [com.android.support:support-core-utils:25.3.1] AndroidManifest.xml:29:5-20
MERGED from [com.android.support:support-compat:25.3.1] AndroidManifest.xml:29:5-20
MERGED from [com.android.support:support-compat:25.3.1] AndroidManifest.xml:29:5-20
	android:screenOrientation
		ADDED from src\main\AndroidManifest.xml:65:9-45
	android:label
		ADDED from src\main\AndroidManifest.xml:64:9-41
	android:icon
		ADDED from src\main\AndroidManifest.xml:63:9-45
	android:allowBackup
		ADDED from src\main\AndroidManifest.xml:62:9-35
	android:theme
		ADDED from src\main\AndroidManifest.xml:66:9-40
	android:name
		ADDED from src\main\AndroidManifest.xml:61:9-66
activity#zblibrary.demo.activity_fragment.SplashActivity
ADDED from src\main\AndroidManifest.xml:67:9-77:20
	android:screenOrientation
		ADDED from src\main\AndroidManifest.xml:71:13-49
	android:label
		ADDED from src\main\AndroidManifest.xml:69:13-45
	android:theme
		ADDED from src\main\AndroidManifest.xml:70:13-47
	android:name
		ADDED from src\main\AndroidManifest.xml:68:13-75
intent-filter#android.intent.action.MAIN+android.intent.category.LAUNCHER
ADDED from src\main\AndroidManifest.xml:72:13-76:29
action#android.intent.action.MAIN
ADDED from src\main\AndroidManifest.xml:73:17-69
	android:name
		ADDED from src\main\AndroidManifest.xml:73:25-66
category#android.intent.category.LAUNCHER
ADDED from src\main\AndroidManifest.xml:75:17-77
	android:name
		ADDED from src\main\AndroidManifest.xml:75:27-74
activity#zblibrary.demo.activity_fragment.AboutActivity
ADDED from src\main\AndroidManifest.xml:78:9-81:52
	android:screenOrientation
		ADDED from src\main\AndroidManifest.xml:81:13-49
	android:label
		ADDED from src\main\AndroidManifest.xml:80:13-45
	android:name
		ADDED from src\main\AndroidManifest.xml:79:13-74
activity#zblibrary.demo.activity_fragment.MainTabActivity
ADDED from src\main\AndroidManifest.xml:82:9-85:52
	android:screenOrientation
		ADDED from src\main\AndroidManifest.xml:85:13-49
	android:label
		ADDED from src\main\AndroidManifest.xml:84:13-45
	android:name
		ADDED from src\main\AndroidManifest.xml:83:13-76
activity#zblibrary.demo.activity_fragment.SettingActivity
ADDED from src\main\AndroidManifest.xml:86:9-89:63
	android:screenOrientation
		ADDED from src\main\AndroidManifest.xml:88:13-49
	android:windowSoftInputMode
		ADDED from src\main\AndroidManifest.xml:89:13-60
	android:name
		ADDED from src\main\AndroidManifest.xml:87:13-76
activity#zblibrary.demo.activity_fragment.UserActivity
ADDED from src\main\AndroidManifest.xml:90:9-93:63
	android:screenOrientation
		ADDED from src\main\AndroidManifest.xml:92:13-49
	android:windowSoftInputMode
		ADDED from src\main\AndroidManifest.xml:93:13-60
	android:name
		ADDED from src\main\AndroidManifest.xml:91:13-73
activity#zblibrary.demo.activity_fragment.ScanActivity
ADDED from src\main\AndroidManifest.xml:94:9-97:63
	android:screenOrientation
		ADDED from src\main\AndroidManifest.xml:96:13-49
	android:windowSoftInputMode
		ADDED from src\main\AndroidManifest.xml:97:13-60
	android:name
		ADDED from src\main\AndroidManifest.xml:95:13-73
activity#zblibrary.demo.activity_fragment.QRCodeActivity
ADDED from src\main\AndroidManifest.xml:98:9-101:63
	android:screenOrientation
		ADDED from src\main\AndroidManifest.xml:100:13-49
	android:windowSoftInputMode
		ADDED from src\main\AndroidManifest.xml:101:13-60
	android:name
		ADDED from src\main\AndroidManifest.xml:99:13-75
activity#zblibrary.demo.DEMO.DemoMainActivity
ADDED from src\main\AndroidManifest.xml:105:9-108:63
	android:screenOrientation
		ADDED from src\main\AndroidManifest.xml:107:13-49
	android:windowSoftInputMode
		ADDED from src\main\AndroidManifest.xml:108:13-60
	android:name
		ADDED from src\main\AndroidManifest.xml:106:13-64
activity#zblibrary.demo.DEMO.DemoActivity
ADDED from src\main\AndroidManifest.xml:109:9-112:63
	android:screenOrientation
		ADDED from src\main\AndroidManifest.xml:111:13-49
	android:windowSoftInputMode
		ADDED from src\main\AndroidManifest.xml:112:13-60
	android:name
		ADDED from src\main\AndroidManifest.xml:110:13-60
activity#zblibrary.demo.DEMO.DemoListActivity
ADDED from src\main\AndroidManifest.xml:113:9-116:63
	android:screenOrientation
		ADDED from src\main\AndroidManifest.xml:115:13-49
	android:windowSoftInputMode
		ADDED from src\main\AndroidManifest.xml:116:13-60
	android:name
		ADDED from src\main\AndroidManifest.xml:114:13-64
activity#zblibrary.demo.DEMO.DemoRecyclerActivity
ADDED from src\main\AndroidManifest.xml:117:9-120:63
	android:screenOrientation
		ADDED from src\main\AndroidManifest.xml:119:13-49
	android:windowSoftInputMode
		ADDED from src\main\AndroidManifest.xml:120:13-60
	android:name
		ADDED from src\main\AndroidManifest.xml:118:13-68
activity#zblibrary.demo.DEMO.DemoHttpListActivity
ADDED from src\main\AndroidManifest.xml:121:9-124:63
	android:screenOrientation
		ADDED from src\main\AndroidManifest.xml:123:13-49
	android:windowSoftInputMode
		ADDED from src\main\AndroidManifest.xml:124:13-60
	android:name
		ADDED from src\main\AndroidManifest.xml:122:13-68
activity#zblibrary.demo.DEMO.DemoHttpRecyclerActivity
ADDED from src\main\AndroidManifest.xml:125:9-128:63
	android:screenOrientation
		ADDED from src\main\AndroidManifest.xml:127:13-49
	android:windowSoftInputMode
		ADDED from src\main\AndroidManifest.xml:128:13-60
	android:name
		ADDED from src\main\AndroidManifest.xml:126:13-72
activity#zblibrary.demo.DEMO.DemoFragmentActivity
ADDED from src\main\AndroidManifest.xml:129:9-133:63
	android:screenOrientation
		ADDED from src\main\AndroidManifest.xml:132:13-49
	android:launchMode
		ADDED from src\main\AndroidManifest.xml:131:13-43
	android:windowSoftInputMode
		ADDED from src\main\AndroidManifest.xml:133:13-60
	android:name
		ADDED from src\main\AndroidManifest.xml:130:13-68
activity#zblibrary.demo.DEMO.DemoTabActivity
ADDED from src\main\AndroidManifest.xml:134:9-137:63
	android:screenOrientation
		ADDED from src\main\AndroidManifest.xml:136:13-49
	android:windowSoftInputMode
		ADDED from src\main\AndroidManifest.xml:137:13-60
	android:name
		ADDED from src\main\AndroidManifest.xml:135:13-63
activity#zblibrary.demo.DEMO.DemoSQLActivity
ADDED from src\main\AndroidManifest.xml:138:9-141:88
	android:screenOrientation
		ADDED from src\main\AndroidManifest.xml:140:13-49
	android:windowSoftInputMode
		ADDED from src\main\AndroidManifest.xml:141:13-85
	android:name
		ADDED from src\main\AndroidManifest.xml:139:13-63
activity#zblibrary.demo.DEMO.DemoTimeRefresherActivity
ADDED from src\main\AndroidManifest.xml:142:9-145:88
	android:screenOrientation
		ADDED from src\main\AndroidManifest.xml:144:13-49
	android:windowSoftInputMode
		ADDED from src\main\AndroidManifest.xml:145:13-85
	android:name
		ADDED from src\main\AndroidManifest.xml:143:13-73
activity#zblibrary.demo.DEMO.DemoBroadcastReceiverActivity
ADDED from src\main\AndroidManifest.xml:146:9-149:63
	android:screenOrientation
		ADDED from src\main\AndroidManifest.xml:148:13-49
	android:windowSoftInputMode
		ADDED from src\main\AndroidManifest.xml:149:13-60
	android:name
		ADDED from src\main\AndroidManifest.xml:147:13-77
activity#zblibrary.demo.DEMO.DemoBottomWindow
ADDED from src\main\AndroidManifest.xml:150:9-154:63
	android:screenOrientation
		ADDED from src\main\AndroidManifest.xml:152:13-49
	android:windowSoftInputMode
		ADDED from src\main\AndroidManifest.xml:154:13-60
	android:theme
		ADDED from src\main\AndroidManifest.xml:153:13-42
	android:name
		ADDED from src\main\AndroidManifest.xml:151:13-64
activity#zuo.biao.library.ui.SelectPictureActivity
ADDED from src\main\AndroidManifest.xml:161:9-165:63
MERGED from [:ZBLibrary] AndroidManifest.xml:35:9-39:63
MERGED from [:ZBLibrary] AndroidManifest.xml:35:9-39:63
	android:screenOrientation
		ADDED from src\main\AndroidManifest.xml:163:13-49
	android:windowSoftInputMode
		ADDED from src\main\AndroidManifest.xml:165:13-60
	android:theme
		ADDED from src\main\AndroidManifest.xml:164:13-55
	android:name
		ADDED from src\main\AndroidManifest.xml:162:13-69
activity#zuo.biao.library.ui.CutPictureActivity
ADDED from src\main\AndroidManifest.xml:166:9-170:63
MERGED from [:ZBLibrary] AndroidManifest.xml:40:9-44:63
MERGED from [:ZBLibrary] AndroidManifest.xml:40:9-44:63
	android:screenOrientation
		ADDED from src\main\AndroidManifest.xml:168:13-49
	android:windowSoftInputMode
		ADDED from src\main\AndroidManifest.xml:170:13-60
	android:theme
		ADDED from src\main\AndroidManifest.xml:169:13-42
	android:name
		ADDED from src\main\AndroidManifest.xml:167:13-66
activity#zuo.biao.library.ui.WebViewActivity
ADDED from src\main\AndroidManifest.xml:171:9-175:88
MERGED from [:ZBLibrary] AndroidManifest.xml:45:9-49:88
MERGED from [:ZBLibrary] AndroidManifest.xml:45:9-49:88
	android:screenOrientation
		ADDED from src\main\AndroidManifest.xml:174:13-49
	android:launchMode
		ADDED from src\main\AndroidManifest.xml:173:13-43
	android:windowSoftInputMode
		ADDED from src\main\AndroidManifest.xml:175:13-85
	android:name
		ADDED from src\main\AndroidManifest.xml:172:13-63
activity#zuo.biao.library.ui.EditTextInfoActivity
ADDED from src\main\AndroidManifest.xml:176:9-179:86
MERGED from [:ZBLibrary] AndroidManifest.xml:50:9-53:86
MERGED from [:ZBLibrary] AndroidManifest.xml:50:9-53:86
	android:screenOrientation
		ADDED from src\main\AndroidManifest.xml:178:13-49
	android:windowSoftInputMode
		ADDED from src\main\AndroidManifest.xml:179:13-83
	android:name
		ADDED from src\main\AndroidManifest.xml:177:13-68
activity#zuo.biao.library.ui.ServerSettingActivity
ADDED from src\main\AndroidManifest.xml:180:9-183:57
MERGED from [:ZBLibrary] AndroidManifest.xml:54:9-57:57
MERGED from [:ZBLibrary] AndroidManifest.xml:54:9-57:57
	android:screenOrientation
		ADDED from src\main\AndroidManifest.xml:182:13-49
	android:windowSoftInputMode
		ADDED from src\main\AndroidManifest.xml:183:13-54
	android:name
		ADDED from src\main\AndroidManifest.xml:181:13-69
activity#zuo.biao.library.ui.TopMenuWindow
ADDED from src\main\AndroidManifest.xml:184:9-188:63
MERGED from [:ZBLibrary] AndroidManifest.xml:58:9-62:63
MERGED from [:ZBLibrary] AndroidManifest.xml:58:9-62:63
	android:screenOrientation
		ADDED from src\main\AndroidManifest.xml:186:13-49
	android:windowSoftInputMode
		ADDED from src\main\AndroidManifest.xml:188:13-60
	android:theme
		ADDED from src\main\AndroidManifest.xml:187:13-42
	android:name
		ADDED from src\main\AndroidManifest.xml:185:13-61
activity#zuo.biao.library.ui.BottomMenuWindow
ADDED from src\main\AndroidManifest.xml:189:9-193:63
MERGED from [:ZBLibrary] AndroidManifest.xml:63:9-67:63
MERGED from [:ZBLibrary] AndroidManifest.xml:63:9-67:63
	android:screenOrientation
		ADDED from src\main\AndroidManifest.xml:191:13-49
	android:windowSoftInputMode
		ADDED from src\main\AndroidManifest.xml:193:13-60
	android:theme
		ADDED from src\main\AndroidManifest.xml:192:13-42
	android:name
		ADDED from src\main\AndroidManifest.xml:190:13-64
activity#zuo.biao.library.ui.EditTextInfoWindow
ADDED from src\main\AndroidManifest.xml:194:9-198:89
MERGED from [:ZBLibrary] AndroidManifest.xml:68:9-72:89
MERGED from [:ZBLibrary] AndroidManifest.xml:68:9-72:89
	android:screenOrientation
		ADDED from src\main\AndroidManifest.xml:196:13-49
	android:windowSoftInputMode
		ADDED from src\main\AndroidManifest.xml:198:13-86
	android:theme
		ADDED from src\main\AndroidManifest.xml:197:13-42
	android:name
		ADDED from src\main\AndroidManifest.xml:195:13-66
activity#zuo.biao.library.ui.PlacePickerWindow
ADDED from src\main\AndroidManifest.xml:199:9-203:63
MERGED from [:ZBLibrary] AndroidManifest.xml:73:9-77:63
MERGED from [:ZBLibrary] AndroidManifest.xml:73:9-77:63
	android:screenOrientation
		ADDED from src\main\AndroidManifest.xml:201:13-49
	android:windowSoftInputMode
		ADDED from src\main\AndroidManifest.xml:203:13-60
	android:theme
		ADDED from src\main\AndroidManifest.xml:202:13-42
	android:name
		ADDED from src\main\AndroidManifest.xml:200:13-65
activity#zuo.biao.library.ui.DatePickerWindow
ADDED from src\main\AndroidManifest.xml:204:9-208:63
MERGED from [:ZBLibrary] AndroidManifest.xml:78:9-82:63
MERGED from [:ZBLibrary] AndroidManifest.xml:78:9-82:63
	android:screenOrientation
		ADDED from src\main\AndroidManifest.xml:206:13-49
	android:windowSoftInputMode
		ADDED from src\main\AndroidManifest.xml:208:13-60
	android:theme
		ADDED from src\main\AndroidManifest.xml:207:13-42
	android:name
		ADDED from src\main\AndroidManifest.xml:205:13-64
activity#zuo.biao.library.ui.TimePickerWindow
ADDED from src\main\AndroidManifest.xml:209:9-213:63
MERGED from [:ZBLibrary] AndroidManifest.xml:83:9-87:63
MERGED from [:ZBLibrary] AndroidManifest.xml:83:9-87:63
	android:screenOrientation
		ADDED from src\main\AndroidManifest.xml:211:13-49
	android:windowSoftInputMode
		ADDED from src\main\AndroidManifest.xml:213:13-60
	android:theme
		ADDED from src\main\AndroidManifest.xml:212:13-42
	android:name
		ADDED from src\main\AndroidManifest.xml:210:13-64
meta-data#android.support.VERSION
ADDED from [com.android.support:design:25.3.1] AndroidManifest.xml:25:5-27:34
MERGED from [com.android.support:appcompat-v7:25.3.1] AndroidManifest.xml:25:5-27:34
MERGED from [com.android.support:appcompat-v7:25.3.1] AndroidManifest.xml:25:5-27:34
MERGED from [com.android.support:transition:25.3.1] AndroidManifest.xml:22:5-24:34
MERGED from [com.android.support:transition:25.3.1] AndroidManifest.xml:22:5-24:34
MERGED from [com.android.support:support-v4:25.3.1] AndroidManifest.xml:25:5-27:34
MERGED from [com.android.support:support-v4:25.3.1] AndroidManifest.xml:25:5-27:34
MERGED from [com.android.support:animated-vector-drawable:25.3.1] AndroidManifest.xml:22:5-24:34
MERGED from [com.android.support:animated-vector-drawable:25.3.1] AndroidManifest.xml:22:5-24:34
MERGED from [com.android.support:support-vector-drawable:25.3.1] AndroidManifest.xml:22:5-24:34
MERGED from [com.android.support:support-vector-drawable:25.3.1] AndroidManifest.xml:22:5-24:34
MERGED from [com.android.support:recyclerview-v7:25.3.1] AndroidManifest.xml:22:5-24:34
MERGED from [com.android.support:recyclerview-v7:25.3.1] AndroidManifest.xml:22:5-24:34
MERGED from [com.android.support:support-fragment:25.3.1] AndroidManifest.xml:25:5-27:34
MERGED from [com.android.support:support-fragment:25.3.1] AndroidManifest.xml:25:5-27:34
MERGED from [com.android.support:support-core-ui:25.3.1] AndroidManifest.xml:25:5-27:34
MERGED from [com.android.support:support-core-ui:25.3.1] AndroidManifest.xml:25:5-27:34
MERGED from [com.android.support:support-media-compat:25.3.1] AndroidManifest.xml:25:5-27:34
MERGED from [com.android.support:support-media-compat:25.3.1] AndroidManifest.xml:25:5-27:34
MERGED from [com.android.support:support-core-utils:25.3.1] AndroidManifest.xml:25:5-27:34
MERGED from [com.android.support:support-core-utils:25.3.1] AndroidManifest.xml:25:5-27:34
MERGED from [com.android.support:support-compat:25.3.1] AndroidManifest.xml:25:5-27:34
MERGED from [com.android.support:support-compat:25.3.1] AndroidManifest.xml:25:5-27:34
	android:value
		ADDED from [com.android.support:design:25.3.1] AndroidManifest.xml:27:9-31
	android:name
		ADDED from [com.android.support:design:25.3.1] AndroidManifest.xml:26:9-47